Release 14.4 - platgen Xilinx EDK 14.4 Build EDK_P.49d
 (nt64)
Copyright (c) 1995-2012 Xilinx, Inc.  All rights reserved.

Command Line: platgen -p xc7z020clg484-1 -lang vhdl -intstyle default -msg
__xps/ise/xmsgprops.lst system.mhs 

Parse F:/Embedded-System-Design/Project/part3/system.mhs ...

Read MPD definitions ...
WARNING:EDK:4092 - IPNAME: processing_system7, INSTANCE: processing_system7_0 -
   Pre-Production version not verified on hardware for architecture 'zynq' -
   F:\Embedded-System-Design\Project\part3\system.mhs line 51 
WARNING:EDK:4092 - IPNAME: axi_interconnect, INSTANCE: axi_interconnect_1 -
   Pre-Production version not verified on hardware for architecture 'zynq' -
   F:\Embedded-System-Design\Project\part3\system.mhs line 148 
WARNING:EDK:4092 - IPNAME: axi_gpio, INSTANCE: axi_gpio_0 - Pre-Production
   version not verified on hardware for architecture 'zynq' -
   F:\Embedded-System-Design\Project\part3\system.mhs line 169 
WARNING:EDK:4092 - IPNAME: axi_dma, INSTANCE: axi_dma_0 - Pre-Production version
   not verified on hardware for architecture 'zynq' -
   F:\Embedded-System-Design\Project\part3\system.mhs line 195 
WARNING:EDK:4092 - IPNAME: axi_interconnect, INSTANCE: axi_interconnect_2 -
   Pre-Production version not verified on hardware for architecture 'zynq' -
   F:\Embedded-System-Design\Project\part3\system.mhs line 213 
WARNING:EDK:4092 - IPNAME: processing_system7, INSTANCE: processing_system7_0 -
   Pre-Production version not verified on hardware for architecture 'zynq' -
   F:\Embedded-System-Design\Project\part3\system.mhs line 51 
WARNING:EDK:4092 - IPNAME: axi_interconnect, INSTANCE: axi_interconnect_1 -
   Pre-Production version not verified on hardware for architecture 'zynq' -
   F:\Embedded-System-Design\Project\part3\system.mhs line 148 
WARNING:EDK:4092 - IPNAME: axi_gpio, INSTANCE: axi_gpio_0 - Pre-Production
   version not verified on hardware for architecture 'zynq' -
   F:\Embedded-System-Design\Project\part3\system.mhs line 169 
WARNING:EDK:4092 - IPNAME: axi_dma, INSTANCE: axi_dma_0 - Pre-Production version
   not verified on hardware for architecture 'zynq' -
   F:\Embedded-System-Design\Project\part3\system.mhs line 195 
WARNING:EDK:4092 - IPNAME: axi_interconnect, INSTANCE: axi_interconnect_2 -
   Pre-Production version not verified on hardware for architecture 'zynq' -
   F:\Embedded-System-Design\Project\part3\system.mhs line 213 

Overriding IP level properties ...
INFO:EDK:4130 - IPNAME: processing_system7, INSTANCE:processing_system7_0 - tcl
   is overriding PARAMETER C_S_AXI_HP0_HIGHADDR value to 0x1FFFFFFF -
   C:\Xilinx\14.4\ISE_DS\EDK\hw\XilinxProcessorIPLib\pcores\processing_system7_v
   4_02_a\data\processing_system7_v2_1_0.mpd line 300 
INFO:EDK:4130 - IPNAME: processing_system7, INSTANCE:processing_system7_0 - tcl
   is overriding PARAMETER C_S_AXI_HP1_HIGHADDR value to 0x1FFFFFFF -
   C:\Xilinx\14.4\ISE_DS\EDK\hw\XilinxProcessorIPLib\pcores\processing_system7_v
   4_02_a\data\processing_system7_v2_1_0.mpd line 304 
INFO:EDK:4130 - IPNAME: processing_system7, INSTANCE:processing_system7_0 - tcl
   is overriding PARAMETER C_S_AXI_HP2_HIGHADDR value to 0x1FFFFFFF -
   C:\Xilinx\14.4\ISE_DS\EDK\hw\XilinxProcessorIPLib\pcores\processing_system7_v
   4_02_a\data\processing_system7_v2_1_0.mpd line 308 
INFO:EDK:4130 - IPNAME: processing_system7, INSTANCE:processing_system7_0 - tcl
   is overriding PARAMETER C_S_AXI_HP3_HIGHADDR value to 0x1FFFFFFF -
   C:\Xilinx\14.4\ISE_DS\EDK\hw\XilinxProcessorIPLib\pcores\processing_system7_v
   4_02_a\data\processing_system7_v2_1_0.mpd line 312 
INFO:EDK:4130 - IPNAME: axi_interconnect, INSTANCE:axi_interconnect_1 - tcl is
   overriding PARAMETER C_BASEFAMILY value to zynq -
   C:\Xilinx\14.4\ISE_DS\EDK\hw\XilinxProcessorIPLib\pcores\axi_interconnect_v1_
   06_a\data\axi_interconnect_v2_1_0.mpd line 81 
INFO:EDK:4130 - IPNAME: axi_interconnect, INSTANCE:axi_interconnect_2 - tcl is
   overriding PARAMETER C_BASEFAMILY value to zynq -
   C:\Xilinx\14.4\ISE_DS\EDK\hw\XilinxProcessorIPLib\pcores\axi_interconnect_v1_
   06_a\data\axi_interconnect_v2_1_0.mpd line 81 

Computing clock values...
INFO:EDK:1432 - Frequency for Top-Level Input Clock
   'processing_system7_0_PS_CLK' is not specified. Clock DRCs will not be
   performed for IPs connected to that clock port, unless they are connected
   through the clock generator IP. 


Performing IP level DRCs on properties...

Running DRC Tcl procedures for OPTION IPLEVEL_DRC_PROC...
INFO:EDK - INFO: DDR Base and High address in current configuration is
   0x00000000 and 0x1FFFFFFF respectively. 
INFO:EDK - INFO: You can modify the DDR address range accessed by Programmable
   Logic through the processing_system7 AXI slave interfaces. If MicroBlaze is a
   master on processing_system7 AXI slave interfaces, please use the top half of
   the address range (Base Address = 0x10000000; High Address = 0x1FFFFFFF). For
   all other master, any subset of the DDR address can be used. See Xilinx
   Answer 47167 for more information. 
Address Map for Processor processing_system7_0
  (0x40400000-0x4040ffff) axi_dma_0	axi_interconnect_1
  (0x41200000-0x4120ffff) axi_gpio_0	axi_interconnect_1
  (0x74e00000-0x74e0ffff) oled_bypass_ps2pl_0	axi_interconnect_1
  (0x75000000-0x7500ffff) i2s_ctrl_0	axi_interconnect_1

Checking platform address map ...

Checking platform configuration ...
IPNAME: axi_interconnect, INSTANCE: axi_interconnect_1 - 1 master(s) : 4
slave(s) 
IPNAME: axi_interconnect, INSTANCE: axi_interconnect_2 - 2 master(s) : 1
slave(s) 

Checking port drivers...
WARNING:EDK:4180 - PORT: s_axis_s2mm_tkeep, CONNECTOR:
   axi_stream_ps2pl_0_M_AXIS_TKEEP - No driver found. Port will be driven to VCC
   -
   C:\Xilinx\14.4\ISE_DS\EDK\hw\XilinxProcessorIPLib\pcores\axi_dma_v6_03_a\data
   \axi_dma_v2_1_0.mpd line 255 
WARNING:EDK:4180 - PORT: s_axis_s2mm_tuser, CONNECTOR:
   axi_stream_ps2pl_0_M_AXIS_TUSER - No driver found. Port will be driven to GND
   -
   C:\Xilinx\14.4\ISE_DS\EDK\hw\XilinxProcessorIPLib\pcores\axi_dma_v6_03_a\data
   \axi_dma_v2_1_0.mpd line 259 
WARNING:EDK:4180 - PORT: s_axis_s2mm_tid, CONNECTOR:
   axi_stream_ps2pl_0_M_AXIS_TID - No driver found. Port will be driven to GND -
   C:\Xilinx\14.4\ISE_DS\EDK\hw\XilinxProcessorIPLib\pcores\axi_dma_v6_03_a\data
   \axi_dma_v2_1_0.mpd line 260 
WARNING:EDK:4180 - PORT: s_axis_s2mm_tdest, CONNECTOR:
   axi_stream_ps2pl_0_M_AXIS_TDEST - No driver found. Port will be driven to GND
   -
   C:\Xilinx\14.4\ISE_DS\EDK\hw\XilinxProcessorIPLib\pcores\axi_dma_v6_03_a\data
   \axi_dma_v2_1_0.mpd line 261 
WARNING:EDK:4181 - PORT: mm2s_prmry_reset_out_n, CONNECTOR: RESET_OUT_N -
   floating connection -
   C:\Xilinx\14.4\ISE_DS\EDK\hw\XilinxProcessorIPLib\pcores\axi_dma_v6_03_a\data
   \axi_dma_v2_1_0.mpd line 221 
WARNING:EDK:4181 - PORT: mm2s_cntrl_reset_out_n, CONNECTOR: RESET_OUT_N -
   floating connection -
   C:\Xilinx\14.4\ISE_DS\EDK\hw\XilinxProcessorIPLib\pcores\axi_dma_v6_03_a\data
   \axi_dma_v2_1_0.mpd line 230 
WARNING:EDK:4181 - PORT: s2mm_prmry_reset_out_n, CONNECTOR: RESET_OUT_N -
   floating connection -
   C:\Xilinx\14.4\ISE_DS\EDK\hw\XilinxProcessorIPLib\pcores\axi_dma_v6_03_a\data
   \axi_dma_v2_1_0.mpd line 253 
WARNING:EDK:4181 - PORT: s2mm_sts_reset_out_n, CONNECTOR: RESET_OUT_N - floating
   connection -
   C:\Xilinx\14.4\ISE_DS\EDK\hw\XilinxProcessorIPLib\pcores\axi_dma_v6_03_a\data
   \axi_dma_v2_1_0.mpd line 262 
WARNING:EDK:4181 - PORT: m_axis_mm2s_tkeep, CONNECTOR:
   axi_dma_0_M_AXIS_MM2S_TKEEP - floating connection -
   C:\Xilinx\14.4\ISE_DS\EDK\hw\XilinxProcessorIPLib\pcores\axi_dma_v6_03_a\data
   \axi_dma_v2_1_0.mpd line 223 
WARNING:EDK:4181 - PORT: m_axis_mm2s_tuser, CONNECTOR:
   axi_dma_0_M_AXIS_MM2S_TUSER - floating connection -
   C:\Xilinx\14.4\ISE_DS\EDK\hw\XilinxProcessorIPLib\pcores\axi_dma_v6_03_a\data
   \axi_dma_v2_1_0.mpd line 227 
WARNING:EDK:4181 - PORT: m_axis_mm2s_tid, CONNECTOR: axi_dma_0_M_AXIS_MM2S_TID -
   floating connection -
   C:\Xilinx\14.4\ISE_DS\EDK\hw\XilinxProcessorIPLib\pcores\axi_dma_v6_03_a\data
   \axi_dma_v2_1_0.mpd line 228 
WARNING:EDK:4181 - PORT: m_axis_mm2s_tdest, CONNECTOR:
   axi_dma_0_M_AXIS_MM2S_TDEST - floating connection -
   C:\Xilinx\14.4\ISE_DS\EDK\hw\XilinxProcessorIPLib\pcores\axi_dma_v6_03_a\data
   \axi_dma_v2_1_0.mpd line 229 

Performing Clock DRCs...

Performing Reset DRCs...

Overriding system level properties...
INFO:EDK:4130 - IPNAME: processing_system7, INSTANCE:processing_system7_0 - tcl
   is overriding PARAMETER C_FCLK_CLK2_BUF value to FALSE -
   C:\Xilinx\14.4\ISE_DS\EDK\hw\XilinxProcessorIPLib\pcores\processing_system7_v
   4_02_a\data\processing_system7_v2_1_0.mpd line 352 
INFO:EDK:4130 - IPNAME: processing_system7, INSTANCE:processing_system7_0 - tcl
   is overriding PARAMETER C_FCLK_CLK3_BUF value to FALSE -
   C:\Xilinx\14.4\ISE_DS\EDK\hw\XilinxProcessorIPLib\pcores\processing_system7_v
   4_02_a\data\processing_system7_v2_1_0.mpd line 353 

INFO: Setting C_RANGE_CHECK = ON for axi_interconnect axi_interconnect_1.
INFO:EDK:4130 - IPNAME: axi_interconnect, INSTANCE:axi_interconnect_1 - tcl is
   overriding PARAMETER C_RANGE_CHECK value to 1 -
   C:\Xilinx\14.4\ISE_DS\EDK\hw\XilinxProcessorIPLib\pcores\axi_interconnect_v1_
   06_a\data\axi_interconnect_v2_1_0.mpd line 149 

INFO: Setting C_RANGE_CHECK = OFF for axi_interconnect axi_interconnect_2; no
DECERR checking will be performed.
INFO:EDK:4130 - IPNAME: axi_interconnect, INSTANCE:axi_interconnect_2 - tcl is
   overriding PARAMETER C_RANGE_CHECK value to 0 -
   C:\Xilinx\14.4\ISE_DS\EDK\hw\XilinxProcessorIPLib\pcores\axi_interconnect_v1_
   06_a\data\axi_interconnect_v2_1_0.mpd line 149 

Running system level update procedures...

Running UPDATE Tcl procedures for OPTION SYSLEVEL_UPDATE_PROC...

Running system level DRCs...

Performing System level DRCs on properties...

Running DRC Tcl procedures for OPTION SYSLEVEL_DRC_PROC...

Running UPDATE Tcl procedures for OPTION PLATGEN_SYSLEVEL_UPDATE_PROC...
INFO: No asynchronous clock conversions in axi_interconnect axi_interconnect_1.
INFO: No asynchronous clock conversions in axi_interconnect axi_interconnect_2.

Modify defaults ...

Creating stub ...

Processing licensed instances ...
Completion time: 0.00 seconds

Creating hardware output directories ...

Managing hardware (BBD-specified) netlist files ...

Managing cache ...
IPNAME:processing_system7 INSTANCE:processing_system7_0 -
F:\Embedded-System-Design\Project\part3\system.mhs line 51 - Copying cache
implementation netlist
IPNAME:axi_interconnect INSTANCE:axi_interconnect_1 -
F:\Embedded-System-Design\Project\part3\system.mhs line 148 - Copying cache
implementation netlist
IPNAME:i2s_ctrl INSTANCE:i2s_ctrl_0 -
F:\Embedded-System-Design\Project\part3\system.mhs line 156 - Copying cache
implementation netlist
IPNAME:axi_gpio INSTANCE:axi_gpio_0 -
F:\Embedded-System-Design\Project\part3\system.mhs line 169 - Copying cache
implementation netlist
IPNAME:oled_bypass_ps2pl INSTANCE:oled_bypass_ps2pl_0 -
F:\Embedded-System-Design\Project\part3\system.mhs line 180 - Copying cache
implementation netlist
IPNAME:axi_dma INSTANCE:axi_dma_0 -
F:\Embedded-System-Design\Project\part3\system.mhs line 195 - Copying cache
implementation netlist
IPNAME:axi_interconnect INSTANCE:axi_interconnect_2 -
F:\Embedded-System-Design\Project\part3\system.mhs line 213 - Copying cache
implementation netlist
IPNAME:axi_stream_ps2pl INSTANCE:axi_stream_ps2pl_0 -
F:\Embedded-System-Design\Project\part3\system.mhs line 221 - Copying cache
implementation netlist

Elaborating instances ...

Writing HDL for elaborated instances ...

Inserting wrapper level ...
Completion time: 1.00 seconds

Constructing platform-level connectivity ...
WARNING:EDK:4059 - INSTANCE: axi_stream_ps2pl_0, Overriding connection of PORT:
   ARESETN, VALUE: processing_system7_0_FCLK_RESET0_N - which is part of the
   connected BUSIF: M_AXIS - F:\Embedded-System-Design\Project\part3\system.mhs
   line 221
Completion time: 0.00 seconds

Writing (top-level) BMM ...

Writing (top-level and wrappers) HDL ...

Generating synthesis project file ...

Running XST synthesis ...

INFO:EDK:4211 - The following instances are synthesized with XST. The MPD option
   IMP_NETLIST=TRUE indicates that a NGC file is to be produced using XST
   synthesis. IMP_NETLIST=FALSE (default) instances are not synthesized. 
INSTANCE:i2s_ctrl_0 - F:\Embedded-System-Design\Project\part3\system.mhs line
156 - Running XST synthesis

Running NGCBUILD ...
INFO:EDK:3509 - NCF files should not be modified as they will be regenerated.
   If any constraint needs to be overridden, this should be done by modifying
   the data/system.ucf file.

Rebuilding cache ...

Total run time: 42.00 seconds
