WARNING:EDK:878 - Could not find IP doc
   http://www.xilinx.com/cgi-bin/docs/ipdoc?c=axi_interconnect;v=v1_06_a;d=ds768
   _axi_interconnect.pdf
WARNING:EDK:878 - Could not find IP doc
   http://www.xilinx.com/cgi-bin/docs/ipdoc?c=axi_gpio;v=v1_01_b;d=ds744_axi_gpi
   o.pdf
WARNING:EDK:878 - Could not find IP doc
   http://www.xilinx.com/cgi-bin/docs/ipdoc?c=axi_dma;v=v6_03_a;d=pg021_axi_dma.
   pdf
WARNING:EDK:878 - Could not find IP doc
   http://www.xilinx.com/cgi-bin/docs/ipdoc?c=axi_interconnect;v=v1_06_a;d=ds768
   _axi_interconnect.pdf
Generated Block Diagram.
Rasterizing processing_system7_0.jpg.....
Rasterizing axi_interconnect_1.jpg.....
Rasterizing i2s_ctrl_0.jpg.....
Rasterizing axi_gpio_0.jpg.....
Rasterizing oled_bypass_ps2pl_0.jpg.....
Rasterizing axi_dma_0.jpg.....
Rasterizing axi_interconnect_2.jpg.....
Rasterizing axi_stream_ps2pl_0.jpg.....
Rasterizing system_blkd.jpg.....
Report generated.
Report generation completed.
