
----------------------------------------------------------------------------
--                            File Generation                             --
----------------------------------------------------------------------------
No ProjNavigator support files will be generated at this time ...
No XST project files will be generated at this time ...
Start Creating drver source 

----------------------------------------------------------------------------
--                              Final Report                              --
----------------------------------------------------------------------------
Thank you for using Create and Import Peripheral Wizard!

Peripheral summary

  top name       : axi_stream_ps2pl
  version        : 1.00.a
  type           : AXI4STREAM master slave
  features       : 

File Summary

  - HDL source -
  C:\workspace\es6051\FINAL3\EDK\pcores\axi_stream_ps2pl_v1_00_a\hdl\vhdl
  top level      : axi_stream_ps2pl.vhd

  - Misc file -
  C:\workspace\es6051\FINAL3\EDK\pcores\axi_stream_ps2pl_v1_00_a\devl
  help           : README.txt
  option         : ipwiz.opt
  log            : ipwiz.log


